<?xml version="1.0" encoding="UTF-8"?>
<!-- Generated by org.testng.reporters.JUnitXMLReporter -->
<testsuite ignored="0" hostname="Ashok" failures="1" tests="10" name="RestAssured_Test_AllType_Requests" time="15.828" errors="0" timestamp="2021-02-13T19:37:15 IST">
  <testcase classname="tests.TC_01_Get_List_Users" name="Test_ListofUsers" time="3.086"/>
  <testcase classname="tests.TC_02_Get_Specific_Users" name="Test_Specific_User" time="0.603"/>
  <testcase classname="tests.TC_03_Post_Create_User" name="test_Create_User" time="1.351"/>
  <testcase classname="tests.TC_04_Post_Validate" name="Post_Validate" time="1.224"/>
  <testcase classname="tests.TC_05_Put_Update" name="Put_Update" time="1.224"/>
  <testcase classname="tests.TC_06_Delete_User" name="delete_User" time="1.429">
    <failure type="java.lang.AssertionError" message="expected [200] but found [204]">
      <![CDATA[java.lang.AssertionError: expected [200] but found [204]
at tests.TC_06_Delete_User.delete_User(TC_06_Delete_User.java:27)
at java.base/java.util.ArrayList.forEach(ArrayList.java:1511)
... Removed 32 stack frames]]>
    </failure>
  </testcase> <!-- delete_User -->
  <testcase classname="tests.TC_07_Post_Data_Driven" name="test_Data_Driven" time="1.652"/>
  <testcase classname="tests.TC_07_Post_Data_Driven" name="test_Data_Driven" time="1.223"/>
  <testcase classname="tests.TC_07_Post_Data_Driven" name="test_Data_Driven" time="1.325"/>
  <testcase classname="tests.TC_07_Post_Data_Driven" name="test_Data_Driven" time="1.839"/>
</testsuite> <!-- RestAssured_Test_AllType_Requests -->
