<?xml version="1.0" encoding="UTF-8"?>
<!-- Generated by org.testng.reporters.JUnitXMLReporter -->
<testsuite hostname="Ashok" ignored="0" name="RestAssured_Test_AllType_Requests" tests="10" failures="1" timestamp="2021-02-13T19:40:01 IST" time="18.518" errors="0">
  <testcase name="Test_ListofUsers" time="2.696" classname="tests.TC_01_Get_List_Users"/>
  <testcase name="Test_Specific_User" time="1.02" classname="tests.TC_02_Get_Specific_Users"/>
  <testcase name="test_Create_User" time="1.635" classname="tests.TC_03_Post_Create_User"/>
  <testcase name="Post_Validate" time="1.153" classname="tests.TC_04_Post_Validate"/>
  <testcase name="Put_Update" time="1.198" classname="tests.TC_05_Put_Update"/>
  <testcase name="delete_User" time="1.127" classname="tests.TC_06_Delete_User">
    <failure type="java.lang.AssertionError" message="expected [200] but found [204]">
      <![CDATA[java.lang.AssertionError: expected [200] but found [204]
at tests.TC_06_Delete_User.delete_User(TC_06_Delete_User.java:27)
at java.util.ArrayList.forEach(ArrayList.java:1259)
... Removed 36 stack frames]]>
    </failure>
  </testcase> <!-- delete_User -->
  <testcase name="test_Data_Driven" time="2.127" classname="tests.TC_07_Post_Data_Driven"/>
  <testcase name="test_Data_Driven" time="2.33" classname="tests.TC_07_Post_Data_Driven"/>
  <testcase name="test_Data_Driven" time="2.251" classname="tests.TC_07_Post_Data_Driven"/>
  <testcase name="test_Data_Driven" time="2.251" classname="tests.TC_07_Post_Data_Driven"/>
</testsuite> <!-- RestAssured_Test_AllType_Requests -->
