<?xml version="1.0" encoding="UTF-8"?>
<testng-results skipped="0" failed="1" ignored="0" total="10" passed="9">
  <reporter-output>
  </reporter-output>
  <suite name="Suite" duration-ms="18518" started-at="2021-02-13T19:39:42 IST" finished-at="2021-02-13T19:40:01 IST">
    <groups>
    </groups>
    <test name="RestAssured_Test_AllType_Requests" duration-ms="18518" started-at="2021-02-13T19:39:42 IST" finished-at="2021-02-13T19:40:01 IST">
      <class name="tests.TC_02_Get_Specific_Users">
        <test-method status="PASS" signature="Test_Specific_User()[pri:0, instance:tests.TC_02_Get_Specific_Users@52a86356]" name="Test_Specific_User" duration-ms="1020" started-at="2021-02-13T19:39:45 IST" finished-at="2021-02-13T19:39:46 IST">
          <reporter-output>
          </reporter-output>
        </test-method> <!-- Test_Specific_User -->
      </class> <!-- tests.TC_02_Get_Specific_Users -->
      <class name="tests.TC_07_Post_Data_Driven">
        <test-method status="PASS" signature="test_Data_Driven(java.lang.String, java.lang.String, java.lang.String)[pri:0, instance:tests.TC_07_Post_Data_Driven@5383967b]" name="test_Data_Driven" duration-ms="2127" started-at="2021-02-13T19:39:52 IST" data-provider="data_Provider" finished-at="2021-02-13T19:39:54 IST">
          <params>
            <param index="0">
              <value>
                <![CDATA[Rey]]>
              </value>
            </param>
            <param index="1">
              <value>
                <![CDATA[35000.0]]>
              </value>
            </param>
            <param index="2">
              <value>
                <![CDATA[30.0]]>
              </value>
            </param>
          </params>
          <reporter-output>
          </reporter-output>
        </test-method> <!-- test_Data_Driven -->
        <test-method status="PASS" signature="test_Data_Driven(java.lang.String, java.lang.String, java.lang.String)[pri:0, instance:tests.TC_07_Post_Data_Driven@5383967b]" name="test_Data_Driven" duration-ms="2330" started-at="2021-02-13T19:39:54 IST" data-provider="data_Provider" finished-at="2021-02-13T19:39:56 IST">
          <params>
            <param index="0">
              <value>
                <![CDATA[UnderT]]>
              </value>
            </param>
            <param index="1">
              <value>
                <![CDATA[45000.0]]>
              </value>
            </param>
            <param index="2">
              <value>
                <![CDATA[31.0]]>
              </value>
            </param>
          </params>
          <reporter-output>
          </reporter-output>
        </test-method> <!-- test_Data_Driven -->
        <test-method status="PASS" signature="test_Data_Driven(java.lang.String, java.lang.String, java.lang.String)[pri:0, instance:tests.TC_07_Post_Data_Driven@5383967b]" name="test_Data_Driven" duration-ms="2251" started-at="2021-02-13T19:39:56 IST" data-provider="data_Provider" finished-at="2021-02-13T19:39:58 IST">
          <params>
            <param index="0">
              <value>
                <![CDATA[Scotty]]>
              </value>
            </param>
            <param index="1">
              <value>
                <![CDATA[55000.0]]>
              </value>
            </param>
            <param index="2">
              <value>
                <![CDATA[31.0]]>
              </value>
            </param>
          </params>
          <reporter-output>
          </reporter-output>
        </test-method> <!-- test_Data_Driven -->
        <test-method status="PASS" signature="test_Data_Driven(java.lang.String, java.lang.String, java.lang.String)[pri:0, instance:tests.TC_07_Post_Data_Driven@5383967b]" name="test_Data_Driven" duration-ms="2251" started-at="2021-02-13T19:39:58 IST" data-provider="data_Provider" finished-at="2021-02-13T19:40:01 IST">
          <params>
            <param index="0">
              <value>
                <![CDATA[Kane]]>
              </value>
            </param>
            <param index="1">
              <value>
                <![CDATA[65000.0]]>
              </value>
            </param>
            <param index="2">
              <value>
                <![CDATA[32.0]]>
              </value>
            </param>
          </params>
          <reporter-output>
          </reporter-output>
        </test-method> <!-- test_Data_Driven -->
      </class> <!-- tests.TC_07_Post_Data_Driven -->
      <class name="tests.TC_03_Post_Create_User">
        <test-method status="PASS" signature="test_Create_User()[pri:0, instance:tests.TC_03_Post_Create_User@5ce81285]" name="test_Create_User" duration-ms="1635" started-at="2021-02-13T19:39:46 IST" finished-at="2021-02-13T19:39:48 IST">
          <reporter-output>
          </reporter-output>
        </test-method> <!-- test_Create_User -->
      </class> <!-- tests.TC_03_Post_Create_User -->
      <class name="tests.TC_04_Post_Validate">
        <test-method status="PASS" signature="Post_Validate()[pri:0, instance:tests.TC_04_Post_Validate@78c03f1f]" name="Post_Validate" duration-ms="1153" started-at="2021-02-13T19:39:48 IST" finished-at="2021-02-13T19:39:49 IST">
          <reporter-output>
          </reporter-output>
        </test-method> <!-- Post_Validate -->
      </class> <!-- tests.TC_04_Post_Validate -->
      <class name="tests.TC_06_Delete_User">
        <test-method status="FAIL" signature="delete_User()[pri:0, instance:tests.TC_06_Delete_User@4fe3c938]" name="delete_User" duration-ms="1127" started-at="2021-02-13T19:39:50 IST" finished-at="2021-02-13T19:39:51 IST">
          <exception class="java.lang.AssertionError">
            <message>
              <![CDATA[expected [200] but found [204]]]>
            </message>
            <full-stacktrace>
              <![CDATA[java.lang.AssertionError: expected [200] but found [204]
at org.testng.Assert.fail(Assert.java:97)
at org.testng.Assert.assertEqualsImpl(Assert.java:136)
at org.testng.Assert.assertEquals(Assert.java:118)
at org.testng.Assert.assertEquals(Assert.java:839)
at org.testng.Assert.assertEquals(Assert.java:849)
at tests.TC_06_Delete_User.delete_User(TC_06_Delete_User.java:27)
at sun.reflect.NativeMethodAccessorImpl.invoke0(Native Method)
at sun.reflect.NativeMethodAccessorImpl.invoke(NativeMethodAccessorImpl.java:62)
at sun.reflect.DelegatingMethodAccessorImpl.invoke(DelegatingMethodAccessorImpl.java:43)
at java.lang.reflect.Method.invoke(Method.java:498)
at org.testng.internal.MethodInvocationHelper.invokeMethod(MethodInvocationHelper.java:134)
at org.testng.internal.TestInvoker.invokeMethod(TestInvoker.java:597)
at org.testng.internal.TestInvoker.invokeTestMethod(TestInvoker.java:173)
at org.testng.internal.MethodRunner.runInSequence(MethodRunner.java:46)
at org.testng.internal.TestInvoker$MethodInvocationAgent.invoke(TestInvoker.java:816)
at org.testng.internal.TestInvoker.invokeTestMethods(TestInvoker.java:146)
at org.testng.internal.TestMethodWorker.invokeTestMethods(TestMethodWorker.java:146)
at org.testng.internal.TestMethodWorker.run(TestMethodWorker.java:128)
at java.util.ArrayList.forEach(ArrayList.java:1259)
at org.testng.TestRunner.privateRun(TestRunner.java:766)
at org.testng.TestRunner.run(TestRunner.java:587)
at org.testng.SuiteRunner.runTest(SuiteRunner.java:384)
at org.testng.SuiteRunner.runSequentially(SuiteRunner.java:378)
at org.testng.SuiteRunner.privateRun(SuiteRunner.java:337)
at org.testng.SuiteRunner.run(SuiteRunner.java:286)
at org.testng.SuiteRunnerWorker.runSuite(SuiteRunnerWorker.java:53)
at org.testng.SuiteRunnerWorker.run(SuiteRunnerWorker.java:96)
at org.testng.TestNG.runSuitesSequentially(TestNG.java:1187)
at org.testng.TestNG.runSuitesLocally(TestNG.java:1109)
at org.testng.TestNG.runSuites(TestNG.java:1039)
at org.testng.TestNG.run(TestNG.java:1007)
at org.apache.maven.surefire.testng.TestNGExecutor.run(TestNGExecutor.java:284)
at org.apache.maven.surefire.testng.TestNGXmlTestSuite.execute(TestNGXmlTestSuite.java:75)
at org.apache.maven.surefire.testng.TestNGProvider.invoke(TestNGProvider.java:119)
at org.apache.maven.surefire.booter.ForkedBooter.runSuitesInProcess(ForkedBooter.java:428)
at org.apache.maven.surefire.booter.ForkedBooter.execute(ForkedBooter.java:162)
at org.apache.maven.surefire.booter.ForkedBooter.run(ForkedBooter.java:562)
at org.apache.maven.surefire.booter.ForkedBooter.main(ForkedBooter.java:548)
]]>
            </full-stacktrace>
          </exception> <!-- java.lang.AssertionError -->
          <reporter-output>
          </reporter-output>
        </test-method> <!-- delete_User -->
      </class> <!-- tests.TC_06_Delete_User -->
      <class name="tests.TC_05_Put_Update">
        <test-method status="PASS" signature="Put_Update()[pri:0, instance:tests.TC_05_Put_Update@5ec0a365]" name="Put_Update" duration-ms="1198" started-at="2021-02-13T19:39:49 IST" finished-at="2021-02-13T19:39:50 IST">
          <reporter-output>
          </reporter-output>
        </test-method> <!-- Put_Update -->
      </class> <!-- tests.TC_05_Put_Update -->
      <class name="tests.TC_01_Get_List_Users">
        <test-method status="PASS" signature="Test_ListofUsers()[pri:0, instance:tests.TC_01_Get_List_Users@66480dd7]" name="Test_ListofUsers" duration-ms="2696" started-at="2021-02-13T19:39:42 IST" finished-at="2021-02-13T19:39:45 IST">
          <reporter-output>
          </reporter-output>
        </test-method> <!-- Test_ListofUsers -->
      </class> <!-- tests.TC_01_Get_List_Users -->
    </test> <!-- RestAssured_Test_AllType_Requests -->
  </suite> <!-- Suite -->
</testng-results>
