<?xml version="1.0" encoding="UTF-8"?>
<testng-results ignored="0" total="10" passed="9" failed="1" skipped="0">
  <reporter-output>
  </reporter-output>
  <suite started-at="2021-02-13T19:36:59 IST" name="Suite" finished-at="2021-02-13T19:37:15 IST" duration-ms="15828">
    <groups>
    </groups>
    <test started-at="2021-02-13T19:36:59 IST" name="RestAssured_Test_AllType_Requests" finished-at="2021-02-13T19:37:15 IST" duration-ms="15828">
      <class name="tests.TC_02_Get_Specific_Users">
        <test-method signature="Test_Specific_User()[pri:0, instance:tests.TC_02_Get_Specific_Users@37858383]" started-at="2021-02-13T19:37:02 IST" name="Test_Specific_User" finished-at="2021-02-13T19:37:02 IST" duration-ms="603" status="PASS">
          <reporter-output>
          </reporter-output>
        </test-method> <!-- Test_Specific_User -->
      </class> <!-- tests.TC_02_Get_Specific_Users -->
      <class name="tests.TC_07_Post_Data_Driven">
        <test-method signature="test_Data_Driven(java.lang.String, java.lang.String, java.lang.String)[pri:0, instance:tests.TC_07_Post_Data_Driven@5136d012]" started-at="2021-02-13T19:37:08 IST" name="test_Data_Driven" data-provider="data_Provider" finished-at="2021-02-13T19:37:10 IST" duration-ms="1652" status="PASS">
          <params>
            <param index="0">
              <value>
                <![CDATA[Rey]]>
              </value>
            </param>
            <param index="1">
              <value>
                <![CDATA[35000.0]]>
              </value>
            </param>
            <param index="2">
              <value>
                <![CDATA[30.0]]>
              </value>
            </param>
          </params>
          <reporter-output>
          </reporter-output>
        </test-method> <!-- test_Data_Driven -->
        <test-method signature="test_Data_Driven(java.lang.String, java.lang.String, java.lang.String)[pri:0, instance:tests.TC_07_Post_Data_Driven@5136d012]" started-at="2021-02-13T19:37:10 IST" name="test_Data_Driven" data-provider="data_Provider" finished-at="2021-02-13T19:37:11 IST" duration-ms="1223" status="PASS">
          <params>
            <param index="0">
              <value>
                <![CDATA[UnderT]]>
              </value>
            </param>
            <param index="1">
              <value>
                <![CDATA[45000.0]]>
              </value>
            </param>
            <param index="2">
              <value>
                <![CDATA[31.0]]>
              </value>
            </param>
          </params>
          <reporter-output>
          </reporter-output>
        </test-method> <!-- test_Data_Driven -->
        <test-method signature="test_Data_Driven(java.lang.String, java.lang.String, java.lang.String)[pri:0, instance:tests.TC_07_Post_Data_Driven@5136d012]" started-at="2021-02-13T19:37:11 IST" name="test_Data_Driven" data-provider="data_Provider" finished-at="2021-02-13T19:37:13 IST" duration-ms="1325" status="PASS">
          <params>
            <param index="0">
              <value>
                <![CDATA[Scotty]]>
              </value>
            </param>
            <param index="1">
              <value>
                <![CDATA[55000.0]]>
              </value>
            </param>
            <param index="2">
              <value>
                <![CDATA[31.0]]>
              </value>
            </param>
          </params>
          <reporter-output>
          </reporter-output>
        </test-method> <!-- test_Data_Driven -->
        <test-method signature="test_Data_Driven(java.lang.String, java.lang.String, java.lang.String)[pri:0, instance:tests.TC_07_Post_Data_Driven@5136d012]" started-at="2021-02-13T19:37:13 IST" name="test_Data_Driven" data-provider="data_Provider" finished-at="2021-02-13T19:37:15 IST" duration-ms="1839" status="PASS">
          <params>
            <param index="0">
              <value>
                <![CDATA[Kane]]>
              </value>
            </param>
            <param index="1">
              <value>
                <![CDATA[65000.0]]>
              </value>
            </param>
            <param index="2">
              <value>
                <![CDATA[32.0]]>
              </value>
            </param>
          </params>
          <reporter-output>
          </reporter-output>
        </test-method> <!-- test_Data_Driven -->
      </class> <!-- tests.TC_07_Post_Data_Driven -->
      <class name="tests.TC_04_Post_Validate">
        <test-method signature="Post_Validate()[pri:0, instance:tests.TC_04_Post_Validate@1bb266b3]" started-at="2021-02-13T19:37:04 IST" name="Post_Validate" finished-at="2021-02-13T19:37:05 IST" duration-ms="1224" status="PASS">
          <reporter-output>
          </reporter-output>
        </test-method> <!-- Post_Validate -->
      </class> <!-- tests.TC_04_Post_Validate -->
      <class name="tests.TC_03_Post_Create_User">
        <test-method signature="test_Create_User()[pri:0, instance:tests.TC_03_Post_Create_User@4e268090]" started-at="2021-02-13T19:37:02 IST" name="test_Create_User" finished-at="2021-02-13T19:37:04 IST" duration-ms="1351" status="PASS">
          <reporter-output>
          </reporter-output>
        </test-method> <!-- test_Create_User -->
      </class> <!-- tests.TC_03_Post_Create_User -->
      <class name="tests.TC_06_Delete_User">
        <test-method signature="delete_User()[pri:0, instance:tests.TC_06_Delete_User@2beee7ff]" started-at="2021-02-13T19:37:06 IST" name="delete_User" finished-at="2021-02-13T19:37:08 IST" duration-ms="1429" status="FAIL">
          <exception class="java.lang.AssertionError">
            <message>
              <![CDATA[expected [200] but found [204]]]>
            </message>
            <full-stacktrace>
              <![CDATA[java.lang.AssertionError: expected [200] but found [204]
at org.testng.Assert.fail(Assert.java:97)
at org.testng.Assert.assertEqualsImpl(Assert.java:136)
at org.testng.Assert.assertEquals(Assert.java:118)
at org.testng.Assert.assertEquals(Assert.java:839)
at org.testng.Assert.assertEquals(Assert.java:849)
at tests.TC_06_Delete_User.delete_User(TC_06_Delete_User.java:27)
at java.base/jdk.internal.reflect.NativeMethodAccessorImpl.invoke0(Native Method)
at java.base/jdk.internal.reflect.NativeMethodAccessorImpl.invoke(NativeMethodAccessorImpl.java:62)
at java.base/jdk.internal.reflect.DelegatingMethodAccessorImpl.invoke(DelegatingMethodAccessorImpl.java:43)
at java.base/java.lang.reflect.Method.invoke(Method.java:564)
at org.testng.internal.MethodInvocationHelper.invokeMethod(MethodInvocationHelper.java:134)
at org.testng.internal.TestInvoker.invokeMethod(TestInvoker.java:597)
at org.testng.internal.TestInvoker.invokeTestMethod(TestInvoker.java:173)
at org.testng.internal.MethodRunner.runInSequence(MethodRunner.java:46)
at org.testng.internal.TestInvoker$MethodInvocationAgent.invoke(TestInvoker.java:816)
at org.testng.internal.TestInvoker.invokeTestMethods(TestInvoker.java:146)
at org.testng.internal.TestMethodWorker.invokeTestMethods(TestMethodWorker.java:146)
at org.testng.internal.TestMethodWorker.run(TestMethodWorker.java:128)
at java.base/java.util.ArrayList.forEach(ArrayList.java:1511)
at org.testng.TestRunner.privateRun(TestRunner.java:766)
at org.testng.TestRunner.run(TestRunner.java:587)
at org.testng.SuiteRunner.runTest(SuiteRunner.java:384)
at org.testng.SuiteRunner.runSequentially(SuiteRunner.java:378)
at org.testng.SuiteRunner.privateRun(SuiteRunner.java:337)
at org.testng.SuiteRunner.run(SuiteRunner.java:286)
at org.testng.SuiteRunnerWorker.runSuite(SuiteRunnerWorker.java:53)
at org.testng.SuiteRunnerWorker.run(SuiteRunnerWorker.java:96)
at org.testng.TestNG.runSuitesSequentially(TestNG.java:1187)
at org.testng.TestNG.runSuitesLocally(TestNG.java:1109)
at org.testng.TestNG.runSuites(TestNG.java:1039)
at org.testng.TestNG.run(TestNG.java:1007)
at org.testng.remote.AbstractRemoteTestNG.run(AbstractRemoteTestNG.java:115)
at org.testng.remote.RemoteTestNG.initAndRun(RemoteTestNG.java:251)
at org.testng.remote.RemoteTestNG.main(RemoteTestNG.java:77)
]]>
            </full-stacktrace>
          </exception> <!-- java.lang.AssertionError -->
          <reporter-output>
          </reporter-output>
        </test-method> <!-- delete_User -->
      </class> <!-- tests.TC_06_Delete_User -->
      <class name="tests.TC_05_Put_Update">
        <test-method signature="Put_Update()[pri:0, instance:tests.TC_05_Put_Update@306cf3ea]" started-at="2021-02-13T19:37:05 IST" name="Put_Update" finished-at="2021-02-13T19:37:06 IST" duration-ms="1224" status="PASS">
          <reporter-output>
          </reporter-output>
        </test-method> <!-- Put_Update -->
      </class> <!-- tests.TC_05_Put_Update -->
      <class name="tests.TC_01_Get_List_Users">
        <test-method signature="Test_ListofUsers()[pri:0, instance:tests.TC_01_Get_List_Users@776b83cc]" started-at="2021-02-13T19:36:59 IST" name="Test_ListofUsers" finished-at="2021-02-13T19:37:02 IST" duration-ms="3086" status="PASS">
          <reporter-output>
          </reporter-output>
        </test-method> <!-- Test_ListofUsers -->
      </class> <!-- tests.TC_01_Get_List_Users -->
    </test> <!-- RestAssured_Test_AllType_Requests -->
  </suite> <!-- Suite -->
</testng-results>
